TN:
SF:test\factories\repository.factory.ts
FN:7,(anonymous_0)
FN:9,(anonymous_1)
FN:13,(anonymous_2)
FNF:3
FNH:2
FNDA:1,(anonymous_0)
FNDA:0,(anonymous_1)
FNDA:1,(anonymous_2)
DA:2,1
DA:3,1
DA:5,1
DA:7,1
DA:10,0
DA:14,1
DA:16,1
DA:17,1
LF:8
LH:7
BRF:0
BRH:0
end_of_record
TN:
SF:test\utils\create-testing-module.ts
FN:7,createTestingModule
FNF:1
FNH:1
FNDA:1,createTestingModule
DA:2,1
DA:3,1
DA:4,1
DA:5,1
DA:7,1
DA:12,1
DA:18,1
DA:21,1
DA:26,1
DA:36,1
DA:38,1
DA:40,1
LF:12
LH:12
BRDA:7,0,0,1
BRDA:14,1,0,1
BRDA:14,1,1,1
BRF:3
BRH:3
end_of_record
TN:
SF:test\utils\prepared-data.ts
FN:4,(anonymous_0)
FNF:1
FNH:1
FNDA:1,(anonymous_0)
DA:2,1
DA:4,1
DA:6,1
DA:7,1
DA:8,1
LF:5
LH:5
BRF:0
BRH:0
end_of_record
TN:
SF:test\utils\sign-in-user.ts
FN:5,(anonymous_0)
FN:16,(anonymous_1)
FNF:2
FNH:2
FNDA:1,(anonymous_0)
FNDA:1,(anonymous_1)
DA:2,1
DA:5,1
DA:7,1
DA:11,1
DA:13,1
DA:16,1
DA:17,1
DA:21,1
LF:8
LH:8
BRF:0
BRH:0
end_of_record
